2024-02-08T17:28:48	API on port 8000
2024-02-08T17:28:48	Static on port 8001
2024-02-08T17:28:54	/ GET 
2024-02-08T17:28:57	//user/14 OPTIONS 
2024-02-08T17:28:57	//user/14 PUT 
2024-02-08T17:30:54	API on port 8000
2024-02-08T17:30:54	Static on port 8001
2024-02-08T17:30:56	Connected: ::1
2024-02-08T17:30:56	::1 user.update(14,{"login":"andromed1","password":"pass"})
2024-02-08T17:30:56	::1 user.read()
2024-02-08T17:31:34	API on port 8000
2024-02-08T17:31:34	Static on port 8001
2024-02-08T17:31:36	//user GET 
2024-02-08T17:31:55	API on port 8000
2024-02-08T17:31:55	Static on port 8001
2024-02-08T17:31:56	//user GET 
2024-02-08T17:32:03	API on port 8000
2024-02-08T17:32:03	Static on port 8001
2024-02-08T17:32:04	//user GET 
2024-02-08T17:32:19	API on port 8000
2024-02-08T17:32:19	Static on port 8001
2024-02-08T17:32:20	//user GET 
2024-02-08T17:33:38	API on port 8000
2024-02-08T17:33:38	Static on port 8001
2024-02-08T17:33:39	//user GET 
2024-02-08T17:34:10	API on port 8000
2024-02-08T17:34:10	Static on port 8001
2024-02-08T17:34:11	//user GET 
2024-02-08T17:34:59	API on port 8000
2024-02-08T17:34:59	Static on port 8001
2024-02-08T17:35:00	//user
2024-02-08T17:35:00	//user GET 
2024-02-08T17:35:12	API on port 8000
2024-02-08T17:35:12	Static on port 8001
2024-02-08T17:35:13	//user/1
2024-02-08T17:35:13	//user/1 GET 
2024-02-08T17:35:35	API on port 8000
2024-02-08T17:35:35	Static on port 8001
2024-02-08T17:35:36	/user/1
2024-02-08T17:35:36	//user/1 GET 
2024-02-08T17:36:01	API on port 8000
2024-02-08T17:36:01	Static on port 8001
2024-02-08T17:36:02	//user/1 GET user
2024-02-08T17:36:02	::1 GET //user/1
2024-02-08T17:36:02	[ '1' ]
2024-02-08T17:42:05	API on port 8000
2024-02-08T17:42:05	Static on port 8001
2024-02-08T17:42:09	//user GET user
2024-02-08T17:42:09	::1 GET //user
2024-02-08T17:42:09	[ undefined ]
2024-02-08T17:47:13	API on port 8000
2024-02-08T17:47:13	Static on port 8001
2024-02-08T17:47:18	//user GET user
2024-02-08T17:47:18	::1 GET //user
2024-02-08T17:47:18	[ undefined ]
2024-02-08T17:48:06	API on port 8000
2024-02-08T17:48:06	Static on port 8001
2024-02-08T17:48:09	Connected: ::1
2024-02-08T17:48:09	::1 user.read()
2024-02-08T18:09:34	API on port 8000
2024-02-08T18:09:34	Static on port 8001
2024-02-08T18:11:24	API on port 8000
2024-02-08T18:11:24	Static on port 8001
2024-02-08T18:12:11	API on port 8000
2024-02-08T18:12:11	Static on port 8001
2024-02-08T18:12:18	API on port 8000
2024-02-08T18:12:18	Static on port 8001
2024-02-08T18:12:25	API on port 8000
2024-02-08T18:12:25	Static on port 8001
2024-02-08T18:13:19	API on port 8000
2024-02-08T18:13:19	Static on port 8001
2024-02-08T18:13:30	API on port 8000
2024-02-08T18:13:30	Static on port 8001
2024-02-08T18:15:41	API on port 8000
2024-02-08T18:15:41	Static on port 8001
2024-02-08T18:15:42	//user GET user
2024-02-08T18:15:42	::1 GET //user
2024-02-08T18:15:42	[ undefined ]
2024-02-08T18:15:42	//user GET user
2024-02-08T18:15:42	::1 GET //user
2024-02-08T18:15:42	[ undefined ]
2024-02-08T18:16:37	API on port 8000
2024-02-08T18:16:37	Static on port 8001
2024-02-08T18:16:38	//user GET user
2024-02-08T18:16:38	::1 GET //user
2024-02-08T18:16:38	[ undefined ]
2024-02-08T18:16:38	//user GET user
2024-02-08T18:16:38	::1 GET //user
2024-02-08T18:16:38	[ undefined ]
2024-02-08T18:23:43	API on port 8000
2024-02-08T18:23:43	Static on port 8001
2024-02-08T18:23:45	//user GET user
2024-02-08T18:23:45	::1 GET //user
2024-02-08T18:23:45	[ undefined ]
2024-02-08T18:23:45	//user GET user
2024-02-08T18:23:45	::1 GET //user
2024-02-08T18:23:45	[ undefined ]
2024-02-08T18:24:12	API on port 8000
2024-02-08T18:24:12	Static on port 8001
2024-02-08T18:24:13	//user GET user
2024-02-08T18:24:13	::1 GET //user
2024-02-08T18:24:13	[ undefined ]
2024-02-08T18:24:13	//user GET user
2024-02-08T18:24:13	::1 GET //user
2024-02-08T18:24:13	[ undefined ]
2024-02-08T18:25:05	API on port 8000
2024-02-08T18:25:05	Static on port 8001
2024-02-08T18:25:06	//user GET user
2024-02-08T18:25:06	::1 GET //user
2024-02-08T18:25:06	[ undefined ]
2024-02-08T18:25:06	//user GET user
2024-02-08T18:25:06	::1 GET //user
2024-02-08T18:25:06	[ undefined ]
2024-02-08T18:25:24	API on port 8000
2024-02-08T18:25:24	Static on port 8001
2024-02-08T18:25:25	//user GET user
2024-02-08T18:25:25	::1 GET //user
2024-02-08T18:25:25	[ undefined ]
2024-02-08T18:25:25	//user GET user
2024-02-08T18:25:25	::1 GET //user
2024-02-08T18:25:25	[ undefined ]
2024-02-08T18:25:46	API on port 8000
2024-02-08T18:25:46	Static on port 8001
2024-02-08T18:25:47	::1 GET //user
2024-02-08T18:25:47	::1 GET //user
2024-02-08T18:26:20	API on port 8000
2024-02-08T18:26:20	Static on port 8001
2024-02-08T18:26:21	::1 GET //user
2024-02-08T18:26:21	{; read: [Function: read],; create: [AsyncFunction: create],; update: [AsyncFunction: update],; delete: [Function: delete],; query: [Function: query]; }
2024-02-08T18:26:21	::1 GET //user
2024-02-08T18:26:21	{; read: [Function: read],; create: [AsyncFunction: create],; update: [AsyncFunction: update],; delete: [Function: delete],; query: [Function: query]; }
2024-02-08T18:26:38	API on port 8000
2024-02-08T18:26:38	Static on port 8001
2024-02-08T18:26:39	::1 GET //user
2024-02-08T18:26:39	[Function: read]
2024-02-08T18:26:39	::1 GET //user
2024-02-08T18:26:39	[Function: read]
2024-02-08T18:27:14	API on port 8000
2024-02-08T18:27:14	Static on port 8001
2024-02-08T18:27:15	user undefined
2024-02-08T18:27:15	::1 GET //user
2024-02-08T18:27:15	user undefined
2024-02-08T18:27:15	::1 GET //user
2024-02-08T18:27:23	API on port 8000
2024-02-08T18:27:23	Static on port 8001
2024-02-08T18:27:24	GET
2024-02-08T18:27:24	::1 GET //user
2024-02-08T18:27:24	GET
2024-02-08T18:27:24	::1 GET //user
2024-02-08T18:30:22	API on port 8000
2024-02-08T18:30:22	Static on port 8001
2024-02-08T18:31:07	API on port 8000
2024-02-08T18:31:07	Static on port 8001
2024-02-08T18:31:08	GET
2024-02-08T18:31:08	::1 GET //user
2024-02-08T18:31:42	API on port 8000
2024-02-08T18:31:42	Static on port 8001
2024-02-08T18:31:43	GET
2024-02-08T18:31:43	::1 GET //user
2024-02-08T18:31:52	API on port 8000
2024-02-08T18:31:52	Static on port 8001
2024-02-08T18:31:53	GET
2024-02-08T18:31:53	::1 GET //user
2024-02-08T18:32:04	API on port 8000
2024-02-08T18:32:04	Static on port 8001
2024-02-08T18:32:05	GET
2024-02-08T18:32:05	::1 GET //user
2024-02-08T18:32:19	API on port 8000
2024-02-08T18:32:19	Static on port 8001
2024-02-08T18:32:20	GET
2024-02-08T18:32:20	::1 GET //user
2024-02-08T18:32:50	API on port 8000
2024-02-08T18:32:50	Static on port 8001
2024-02-08T18:32:57	API on port 8000
2024-02-08T18:32:57	Static on port 8001
2024-02-08T18:32:58	GET
2024-02-08T18:32:58	::1 GET //user
2024-02-08T18:33:05	API on port 8000
2024-02-08T18:33:05	Static on port 8001
2024-02-08T18:33:06	GET
2024-02-08T18:33:06	::1 GET //user
2024-02-08T18:33:06	OPTIONS
2024-02-08T18:33:06	DELETE
2024-02-08T18:33:06	::1 DELETE //user/4
2024-02-08T18:33:06	OPTIONS
2024-02-08T18:33:06	POST
2024-02-08T18:33:06	::1 POST //user
2024-02-08T18:33:06	OPTIONS
2024-02-08T18:33:06	PUT
2024-02-08T18:33:06	::1 PUT //user/3
2024-02-08T18:33:06	GET
2024-02-08T18:33:06	::1 GET //user
2024-02-08T18:33:18	GET
2024-02-08T18:33:18	::1 GET //user
2024-02-08T18:33:18	OPTIONS
2024-02-08T18:33:18	DELETE
2024-02-08T18:33:18	::1 DELETE //user/3
2024-02-08T18:33:18	OPTIONS
2024-02-08T18:33:18	POST
2024-02-08T18:33:18	::1 POST //user
2024-02-08T18:35:44	API on port 8000
2024-02-08T18:35:44	Static on port 8001
2024-02-08T18:35:45	GET
2024-02-08T18:35:45	::1 GET //user
2024-02-08T18:35:45	OPTIONS
2024-02-08T18:35:45	DELETE
2024-02-08T18:35:45	::1 DELETE //user/5
2024-02-08T18:35:45	OPTIONS
2024-02-08T18:35:45	POST
2024-02-08T18:35:45	::1 POST //user
2024-02-08T18:35:45	OPTIONS
2024-02-08T18:35:45	PUT
2024-02-08T18:35:45	::1 PUT //user/3
2024-02-08T18:35:45	GET
2024-02-08T18:35:45	::1 GET //user
2024-02-08T18:38:08	API on port 8000
2024-02-08T18:38:08	Static on port 8001
2024-02-08T18:38:09	GET
2024-02-08T18:38:09	::1 GET //user
2024-02-08T18:38:24	API on port 8000
2024-02-08T18:38:24	Static on port 8001
2024-02-08T18:38:24	Connected: ::1
2024-02-08T18:38:24	::1 user.read()
2024-02-08T18:38:35	API on port 8000
2024-02-08T18:38:35	Static on port 8001
2024-02-08T18:38:36	Connected: ::1
2024-02-08T18:38:36	::1 user.read()
2024-02-08T18:38:36	::1 user.delete("4")
2024-02-08T18:38:36	::1 user.create({"login":"Petya","password":"password"})
2024-02-08T18:38:36	::1 user.update(3,{"login":"player1","password":"root"})
2024-02-08T18:38:36	::1 user.read()
2024-02-08T18:38:52	API on port 8000
2024-02-08T18:38:52	Static on port 8001
2024-02-08T18:38:55	GET
2024-02-08T18:38:55	::1 GET //user
